Portal started...
 * Running on all addresses.
   WARNING: This is a development server. Do not use it in a production deployment.
 * Running on http://192.168.12.154:5009/ (Press CTRL+C to quit)
BEGIN (implicit)
PRAGMA main.table_info("admin")
[raw sql] ()
PRAGMA temp.table_info("admin")
[raw sql] ()
PRAGMA main.table_info("user")
[raw sql] ()
PRAGMA temp.table_info("user")
[raw sql] ()
PRAGMA main.table_info("city")
[raw sql] ()
PRAGMA temp.table_info("city")
[raw sql] ()
PRAGMA main.table_info("usercity")
[raw sql] ()
PRAGMA temp.table_info("usercity")
[raw sql] ()

CREATE TABLE admin (
	id INTEGER NOT NULL, 
	name VARCHAR, 
	password VARCHAR, 
	PRIMARY KEY (id)
)


[no key 0.00008s] ()

CREATE TABLE user (
	id INTEGER NOT NULL, 
	name VARCHAR, 
	password VARCHAR, 
	PRIMARY KEY (id), 
	UNIQUE (name)
)


[no key 0.00007s] ()

CREATE TABLE city (
	id INTEGER NOT NULL, 
	adminid INTEGER, 
	name VARCHAR, 
	url VARCHAR, 
	PRIMARY KEY (id), 
	FOREIGN KEY(adminid) REFERENCES admin (id)
)


[no key 0.00007s] ()

CREATE TABLE usercity (
	id INTEGER NOT NULL, 
	"userId" INTEGER, 
	"cityId" INTEGER, 
	month VARCHAR, 
	year VARCHAR, 
	weather_params VARCHAR, 
	PRIMARY KEY (id), 
	FOREIGN KEY("userId") REFERENCES user (id), 
	FOREIGN KEY("cityId") REFERENCES city (id)
)


[no key 0.00007s] ()
COMMIT
127.0.0.1 - - [13/Mar/2026 00:15:05] "GET / HTTP/1.1" 200 -
127.0.0.1 - - [13/Mar/2026 00:15:05] "GET /static/images/longhorn.png HTTP/1.1" 200 -
127.0.0.1 - - [13/Mar/2026 00:15:05] "[33mGET /favicon.ico HTTP/1.1[0m" 404 -
Username:aj
Password:leigh
127.0.0.1 - - [13/Mar/2026 00:16:01] "POST /login HTTP/1.1" 200 -
127.0.0.1 - - [13/Mar/2026 00:16:01] "[36mGET /static/images/longhorn.png HTTP/1.1[0m" 304 -
127.0.0.1 - - [13/Mar/2026 00:16:01] "GET /static/scripts/inputhandler.js HTTP/1.1" 200 -
127.0.0.1 - - [13/Mar/2026 00:16:09] "[33mGET /registercity?city_name=austin&year=2005&month=12&max_temp=max_temp&min_temp=min_temp&precipitation=precipitation&snow=snow HTTP/1.1[0m" 404 -
Inside get_admins
BEGIN (implicit)
SELECT admin.id AS admin_id, admin.name AS admin_name, admin.password AS admin_password 
FROM admin
[generated in 0.00026s] ()
127.0.0.1 - - [13/Mar/2026 00:16:21] "GET /admin HTTP/1.1" 200 -
Username:aj
Password:ee
127.0.0.1 - - [13/Mar/2026 00:17:30] "POST /login HTTP/1.1" 200 -
127.0.0.1 - - [13/Mar/2026 00:17:30] "[36mGET /static/images/longhorn.png HTTP/1.1[0m" 304 -
127.0.0.1 - - [13/Mar/2026 00:17:30] "[36mGET /static/scripts/inputhandler.js HTTP/1.1[0m" 304 -
127.0.0.1 - - [13/Mar/2026 00:17:59] "[33mGET /registercity?city_name=Houston&year=2010&month=01&max_temp=max_temp&min_temp=min_temp HTTP/1.1[0m" 404 -
Portal started...
 * Running on all addresses.
   WARNING: This is a development server. Do not use it in a production deployment.
 * Running on http://192.168.12.154:5009/ (Press CTRL+C to quit)
BEGIN (implicit)
PRAGMA main.table_info("admin")
[raw sql] ()
PRAGMA main.table_info("user")
[raw sql] ()
PRAGMA main.table_info("city")
[raw sql] ()
PRAGMA main.table_info("usercity")
[raw sql] ()
COMMIT
127.0.0.1 - - [13/Mar/2026 00:22:35] "GET / HTTP/1.1" 200 -
127.0.0.1 - - [13/Mar/2026 00:22:36] "[36mGET /static/images/longhorn.png HTTP/1.1[0m" 304 -
Username:admin
Password:aj
127.0.0.1 - - [13/Mar/2026 00:22:44] "POST /login HTTP/1.1" 200 -
127.0.0.1 - - [13/Mar/2026 00:22:44] "[36mGET /static/images/longhorn.png HTTP/1.1[0m" 304 -
127.0.0.1 - - [13/Mar/2026 00:22:44] "[36mGET /static/scripts/inputhandler.js HTTP/1.1[0m" 304 -
Logout called.
Before returning...
127.0.0.1 - - [13/Mar/2026 00:22:48] "GET /logout HTTP/1.1" 200 -
Inside add_admin
Received request:{'name': 'Admin1', 'password': 'Admin1'}
BEGIN (implicit)
INSERT INTO admin (name, password) VALUES (?, ?)
[generated in 0.00049s] ('Admin1', 'Admin1')
COMMIT
BEGIN (implicit)
SELECT admin.id AS admin_id, admin.name AS admin_name, admin.password AS admin_password 
FROM admin 
WHERE admin.id = ?
[generated in 0.00014s] (1,)
127.0.0.1 - - [13/Mar/2026 00:24:32] "POST /admin HTTP/1.1" 200 -
Inside get_admins
BEGIN (implicit)
SELECT admin.id AS admin_id, admin.name AS admin_name, admin.password AS admin_password 
FROM admin
[generated in 0.00014s] ()
127.0.0.1 - - [13/Mar/2026 00:24:38] "GET /admin HTTP/1.1" 200 -
Inside get_admin_by_id 1

BEGIN (implicit)
SELECT admin.id AS admin_id, admin.name AS admin_name, admin.password AS admin_password 
FROM admin 
WHERE admin.id = ?
[generated in 0.00035s] ('1',)
Found admin:<Admin(name='Admin1')>

127.0.0.1 - - [13/Mar/2026 00:24:46] "GET /admin/1 HTTP/1.1" 200 -
Inside delete_admin_by_id 1

BEGIN (implicit)
SELECT admin.id AS admin_id, admin.name AS admin_name, admin.password AS admin_password 
FROM admin 
WHERE admin.id = ?
 LIMIT ? OFFSET ?
[generated in 0.00023s] ('1', 1, 0)
Found admin:<Admin(name='Admin1')>

DELETE FROM admin WHERE admin.id = ?
[generated in 0.00011s] (1,)
COMMIT
127.0.0.1 - - [13/Mar/2026 00:25:31] "DELETE /admin/1 HTTP/1.1" 200 -
Inside add_user
Received request:{'name': 'User1', 'password': 'User1'}
BEGIN (implicit)
SELECT user.id AS user_id, user.name AS user_name, user.password AS user_password 
FROM user 
WHERE user.name = ?
 LIMIT ? OFFSET ?
[generated in 0.00026s] ('User1', 1, 0)
INSERT INTO user (name, password) VALUES (?, ?)
[generated in 0.00015s] ('User1', 'User1')
COMMIT
BEGIN (implicit)
SELECT user.id AS user_id, user.name AS user_name, user.password AS user_password 
FROM user 
WHERE user.id = ?
[generated in 0.00027s] (1,)
127.0.0.1 - - [13/Mar/2026 00:25:35] "POST /users HTTP/1.1" 200 -
Inside get_users
BEGIN (implicit)
SELECT user.id AS user_id, user.name AS user_name, user.password AS user_password 
FROM user
[generated in 0.00027s] ()
127.0.0.1 - - [13/Mar/2026 00:26:52] "GET /users HTTP/1.1" 200 -
Inside get_user_by_id 1
BEGIN (implicit)
SELECT user.id AS user_id, user.name AS user_name, user.password AS user_password 
FROM user 
WHERE user.id = ?
[generated in 0.00017s] ('1',)
127.0.0.1 - - [13/Mar/2026 00:26:57] "GET /users/1 HTTP/1.1" 200 -
Inside add_city for admin 1
BEGIN (implicit)
SELECT admin.id AS admin_id, admin.name AS admin_name, admin.password AS admin_password 
FROM admin 
WHERE admin.id = ?
[cached since 135.4s ago] ('1',)
127.0.0.1 - - [13/Mar/2026 00:27:01] "[33mPOST /admin/1/cities HTTP/1.1[0m" 404 -
Inside add_admin
Received request:{'name': 'Admin1', 'password': 'Admin1'}
BEGIN (implicit)
INSERT INTO admin (name, password) VALUES (?, ?)
[cached since 165.3s ago] ('Admin1', 'Admin1')
COMMIT
BEGIN (implicit)
SELECT admin.id AS admin_id, admin.name AS admin_name, admin.password AS admin_password 
FROM admin 
WHERE admin.id = ?
[cached since 165.3s ago] (1,)
127.0.0.1 - - [13/Mar/2026 00:27:17] "POST /admin HTTP/1.1" 200 -
Inside add_city for admin 1
BEGIN (implicit)
SELECT admin.id AS admin_id, admin.name AS admin_name, admin.password AS admin_password 
FROM admin 
WHERE admin.id = ?
[cached since 157.3s ago] ('1',)
INSERT INTO city (adminid, name, url) VALUES (?, ?, ?)
[generated in 0.00018s] ('1', 'Austin', 'http://austin-url.html')
COMMIT
BEGIN (implicit)
SELECT city.id AS city_id, city.adminid AS city_adminid, city.name AS city_name, city.url AS city_url 
FROM city 
WHERE city.id = ?
[generated in 0.00014s] (1,)
127.0.0.1 - - [13/Mar/2026 00:27:23] "POST /admin/1/cities HTTP/1.1" 200 -
Inside add_city for admin 1
BEGIN (implicit)
SELECT admin.id AS admin_id, admin.name AS admin_name, admin.password AS admin_password 
FROM admin 
WHERE admin.id = ?
[cached since 163.2s ago] ('1',)
INSERT INTO city (adminid, name, url) VALUES (?, ?, ?)
[cached since 5.871s ago] ('1', 'Dallas', 'http://dallas-url.html')
COMMIT
BEGIN (implicit)
SELECT city.id AS city_id, city.adminid AS city_adminid, city.name AS city_name, city.url AS city_url 
FROM city 
WHERE city.id = ?
[cached since 5.869s ago] (2,)
127.0.0.1 - - [13/Mar/2026 00:27:29] "POST /admin/1/cities HTTP/1.1" 200 -
Inside add_city for admin 1
BEGIN (implicit)
SELECT admin.id AS admin_id, admin.name AS admin_name, admin.password AS admin_password 
FROM admin 
WHERE admin.id = ?
[cached since 167.4s ago] ('1',)
INSERT INTO city (adminid, name, url) VALUES (?, ?, ?)
[cached since 10.07s ago] ('1', 'Houston', 'http://houston-url.html')
COMMIT
BEGIN (implicit)
SELECT city.id AS city_id, city.adminid AS city_adminid, city.name AS city_name, city.url AS city_url 
FROM city 
WHERE city.id = ?
[cached since 10.07s ago] (3,)
127.0.0.1 - - [13/Mar/2026 00:27:33] "POST /admin/1/cities HTTP/1.1" 200 -
Inside get_cities for admin 1
BEGIN (implicit)
SELECT admin.id AS admin_id, admin.name AS admin_name, admin.password AS admin_password 
FROM admin 
WHERE admin.id = ?
[cached since 172.2s ago] ('1',)
SELECT city.id AS city_id, city.adminid AS city_adminid, city.name AS city_name, city.url AS city_url 
FROM city 
WHERE city.adminid = ?
[generated in 0.00022s] ('1',)
127.0.0.1 - - [13/Mar/2026 00:27:38] "GET /admin/1/cities HTTP/1.1" 200 -
Inside get_city_by_id admin:1 city:1
BEGIN (implicit)
SELECT admin.id AS admin_id, admin.name AS admin_name, admin.password AS admin_password 
FROM admin 
WHERE admin.id = ?
[cached since 189.3s ago] ('1',)
SELECT city.id AS city_id, city.adminid AS city_adminid, city.name AS city_name, city.url AS city_url 
FROM city 
WHERE city.id = ?
[generated in 0.00017s] ('1',)
127.0.0.1 - - [13/Mar/2026 00:27:55] "GET /admin/1/cities/1 HTTP/1.1" 200 -
Inside get_city_by_id admin:1 city:10
BEGIN (implicit)
SELECT admin.id AS admin_id, admin.name AS admin_name, admin.password AS admin_password 
FROM admin 
WHERE admin.id = ?
[cached since 195.5s ago] ('1',)
SELECT city.id AS city_id, city.adminid AS city_adminid, city.name AS city_name, city.url AS city_url 
FROM city 
WHERE city.id = ?
[cached since 6.124s ago] ('10',)
127.0.0.1 - - [13/Mar/2026 00:28:01] "[33mGET /admin/1/cities/10 HTTP/1.1[0m" 404 -
Inside get_city_by_id admin:2 city:1
BEGIN (implicit)
SELECT admin.id AS admin_id, admin.name AS admin_name, admin.password AS admin_password 
FROM admin 
WHERE admin.id = ?
[cached since 201.9s ago] ('2',)
127.0.0.1 - - [13/Mar/2026 00:28:08] "[33mGET /admin/2/cities/1 HTTP/1.1[0m" 404 -
Inside add_city for admin 2
BEGIN (implicit)
SELECT admin.id AS admin_id, admin.name AS admin_name, admin.password AS admin_password 
FROM admin 
WHERE admin.id = ?
[cached since 210.6s ago] ('2',)
127.0.0.1 - - [13/Mar/2026 00:28:17] "[33mPOST /admin/2/cities HTTP/1.1[0m" 404 -
Inside add_user_city for user 1
BEGIN (implicit)
SELECT user.id AS user_id, user.name AS user_name, user.password AS user_password 
FROM user 
WHERE user.id = ?
[cached since 94.12s ago] ('1',)
SELECT city.id AS city_id, city.adminid AS city_adminid, city.name AS city_name, city.url AS city_url 
FROM city 
WHERE city.name = ?
 LIMIT ? OFFSET ?
[generated in 0.00021s] ('Austin', 1, 0)
INSERT INTO usercity ("userId", "cityId", month, year, weather_params) VALUES (?, ?, ?, ?, ?)
[generated in 0.00012s] ('1', 1, 'August', '2023', 'TMAX,TMIN')
COMMIT
BEGIN (implicit)
SELECT usercity.id AS usercity_id, usercity."userId" AS "usercity_userId", usercity."cityId" AS "usercity_cityId", usercity.month AS usercity_month, usercity.year AS usercity_year, usercity.weather_params AS usercity_weather_params 
FROM usercity 
WHERE usercity.id = ?
[generated in 0.00013s] (1,)
127.0.0.1 - - [13/Mar/2026 00:28:31] "POST /users/1/cities HTTP/1.1" 200 -
Inside add_user_city for user 1
BEGIN (implicit)
SELECT user.id AS user_id, user.name AS user_name, user.password AS user_password 
FROM user 
WHERE user.id = ?
[cached since 98.91s ago] ('1',)
SELECT city.id AS city_id, city.adminid AS city_adminid, city.name AS city_name, city.url AS city_url 
FROM city 
WHERE city.name = ?
 LIMIT ? OFFSET ?
[cached since 4.792s ago] ('Dallas', 1, 0)
INSERT INTO usercity ("userId", "cityId", month, year, weather_params) VALUES (?, ?, ?, ?, ?)
[cached since 4.791s ago] ('1', 2, 'July', '2023', 'TMAX,TMIN,SNOW')
COMMIT
BEGIN (implicit)
SELECT usercity.id AS usercity_id, usercity."userId" AS "usercity_userId", usercity."cityId" AS "usercity_cityId", usercity.month AS usercity_month, usercity.year AS usercity_year, usercity.weather_params AS usercity_weather_params 
FROM usercity 
WHERE usercity.id = ?
[cached since 4.788s ago] (2,)
127.0.0.1 - - [13/Mar/2026 00:28:35] "POST /users/1/cities HTTP/1.1" 200 -
Inside add_user_city for user 1
BEGIN (implicit)
SELECT user.id AS user_id, user.name AS user_name, user.password AS user_password 
FROM user 
WHERE user.id = ?
[cached since 103.9s ago] ('1',)
SELECT city.id AS city_id, city.adminid AS city_adminid, city.name AS city_name, city.url AS city_url 
FROM city 
WHERE city.name = ?
 LIMIT ? OFFSET ?
[cached since 9.804s ago] ('San Antonio', 1, 0)
127.0.0.1 - - [13/Mar/2026 00:28:40] "[33mPOST /users/1/cities HTTP/1.1[0m" 404 -
Inside get_user_cities for user 1
BEGIN (implicit)
SELECT user.id AS user_id, user.name AS user_name, user.password AS user_password 
FROM user 
WHERE user.id = ?
[cached since 108.4s ago] ('1',)
SELECT city.id AS city_id, city.adminid AS city_adminid, city.name AS city_name, city.url AS city_url 
FROM city 
WHERE city.name = ?
 LIMIT ? OFFSET ?
[cached since 14.25s ago] ('Austin', 1, 0)
SELECT usercity.id AS usercity_id, usercity."userId" AS "usercity_userId", usercity."cityId" AS "usercity_cityId", usercity.month AS usercity_month, usercity.year AS usercity_year, usercity.weather_params AS usercity_weather_params 
FROM usercity 
WHERE usercity."userId" = ? AND usercity."cityId" = ?
 LIMIT ? OFFSET ?
[generated in 0.00013s] ('1', 1, 1, 0)
127.0.0.1 - - [13/Mar/2026 00:28:45] "GET /users/1/cities?name=Austin HTTP/1.1" 200 -
Inside get_user_cities for user 2
BEGIN (implicit)
SELECT user.id AS user_id, user.name AS user_name, user.password AS user_password 
FROM user 
WHERE user.id = ?
[cached since 111.8s ago] ('2',)
127.0.0.1 - - [13/Mar/2026 00:28:48] "[33mGET /users/2/cities?name=Austin HTTP/1.1[0m" 404 -
Inside get_user_cities for user 1
BEGIN (implicit)
SELECT user.id AS user_id, user.name AS user_name, user.password AS user_password 
FROM user 
WHERE user.id = ?
[cached since 115.7s ago] ('1',)
SELECT city.id AS city_id, city.adminid AS city_adminid, city.name AS city_name, city.url AS city_url 
FROM city 
WHERE city.name = ?
 LIMIT ? OFFSET ?
[cached since 21.6s ago] ('Houston', 1, 0)
SELECT usercity.id AS usercity_id, usercity."userId" AS "usercity_userId", usercity."cityId" AS "usercity_cityId", usercity.month AS usercity_month, usercity.year AS usercity_year, usercity.weather_params AS usercity_weather_params 
FROM usercity 
WHERE usercity."userId" = ? AND usercity."cityId" = ?
 LIMIT ? OFFSET ?
[cached since 7.348s ago] ('1', 3, 1, 0)
127.0.0.1 - - [13/Mar/2026 00:28:52] "[33mGET /users/1/cities?name=Houston HTTP/1.1[0m" 404 -
Inside get_user_cities for user 1
BEGIN (implicit)
SELECT user.id AS user_id, user.name AS user_name, user.password AS user_password 
FROM user 
WHERE user.id = ?
[cached since 122.6s ago] ('1',)
SELECT city.id AS city_id, city.adminid AS city_adminid, city.name AS city_name, city.url AS city_url 
FROM city 
WHERE city.name = ?
 LIMIT ? OFFSET ?
[cached since 28.43s ago] ('San Antonio', 1, 0)
127.0.0.1 - - [13/Mar/2026 00:28:59] "[33mGET /users/1/cities?name=San%20Antonio HTTP/1.1[0m" 404 -
Inside get_user_cities for user 1
BEGIN (implicit)
SELECT user.id AS user_id, user.name AS user_name, user.password AS user_password 
FROM user 
WHERE user.id = ?
[cached since 159.6s ago] ('1',)
SELECT city.id AS city_id, city.adminid AS city_adminid, city.name AS city_name, city.url AS city_url 
FROM city 
WHERE city.name = ?
 LIMIT ? OFFSET ?
[cached since 65.51s ago] ('Houston', 1, 0)
SELECT usercity.id AS usercity_id, usercity."userId" AS "usercity_userId", usercity."cityId" AS "usercity_cityId", usercity.month AS usercity_month, usercity.year AS usercity_year, usercity.weather_params AS usercity_weather_params 
FROM usercity 
WHERE usercity."userId" = ? AND usercity."cityId" = ?
 LIMIT ? OFFSET ?
[cached since 51.25s ago] ('1', 3, 1, 0)
127.0.0.1 - - [13/Mar/2026 00:29:36] "[33mGET /users/1/cities?name=Houston HTTP/1.1[0m" 404 -
Inside get_admin_by_id 1

BEGIN (implicit)
SELECT admin.id AS admin_id, admin.name AS admin_name, admin.password AS admin_password 
FROM admin 
WHERE admin.id = ?
[cached since 310s ago] ('1',)
Found admin:<Admin(name='Admin1')>

127.0.0.1 - - [13/Mar/2026 00:29:56] "GET /admin/1 HTTP/1.1" 200 -
Portal started...
 * Running on all addresses.
   WARNING: This is a development server. Do not use it in a production deployment.
 * Running on http://192.168.12.154:5009/ (Press CTRL+C to quit)
